<?xml version="1.0" encoding="UTF-8"?>
<testsuite xmlns:xsi="http://www.w3.org/2001/XMLSchema-instance" xsi:noNamespaceSchemaLocation="https://maven.apache.org/surefire/maven-surefire-plugin/xsd/surefire-test-report-3.0.xsd" version="3.0" name="in.ineuron.AppTest" time="0.213" tests="6" errors="0" skipped="0" failures="0">
  <properties>
[...]
</properties>
  <testcase name="testAdditionWithZero" classname="in.ineuron.AppTest" time="0.017"/>
  <testcase name="testAdditionOfLargeNumbers" classname="in.ineuron.AppTest" time="0.0"/>
  <testcase name="testApp" classname="in.ineuron.AppTest" time="0.0"/>
  <testcase name="testAdditionOfTwoNegativeNumbers" classname="in.ineuron.AppTest" time="0.0"/>
  <testcase name="testAdditionOfTwoPositiveNumbers" classname="in.ineuron.AppTest" time="0.0"/>
  <testcase name="testAdditionOfPositiveAndNegativeNumber" classname="in.ineuron.AppTest" time="0.0"/>
</testsuite>